<?xml version="1.0" encoding="UTF-8"?>
<testsuite xmlns:xsi="http://www.w3.org/2001/XMLSchema-instance" xsi:noNamespaceSchemaLocation="https://maven.apache.org/surefire/maven-surefire-plugin/xsd/surefire-test-report-3.0.xsd" version="3.0" name="com.tripmicroservice.tripmicroservice.TripmicroserviceApplicationTests" time="20.59" tests="1" errors="0" skipped="0" failures="0">
  <properties>
[...]
</properties>
  <testcase name="contextLoads" classname="com.tripmicroservice.tripmicroservice.TripmicroserviceApplicationTests" time="0.879">
    <system-out><![CDATA[01:57:00.058 [main] INFO org.springframework.test.context.support.AnnotationConfigContextLoaderUtils -- Could not detect default configuration classes for test class [com.tripmicroservice.tripmicroservice.TripmicroserviceApplicationTests]: TripmicroserviceApplicationTests does not declare any static, non-private, non-final, nested classes annotated with @Configuration.
01:57:01.154 [main] INFO org.springframework.boot.test.context.SpringBootTestContextBootstrapper -- Found @SpringBootConfiguration com.tripmicroservice.tripmicroservice.TripmicroserviceApplication for test class com.tripmicroservice.tripmicroservice.TripmicroserviceApplicationTests
  .   ____          _            __ _ _
 /\\ / ___'_ __ _ _(_)_ __  __ _ \ \ \ \
( ( )\___ | '_ | '_| | '_ \/ _` | \ \ \ \
 \\/  ___)| |_)| | | | | || (_| |  ) ) ) )
  '  |____| .__|_| |_|_| |_\__, | / / / /
 =========|_|==============|___/=/_/_/_/

 :: Spring Boot ::                (v3.3.0)

2024-06-26T01:57:03.459-05:00  INFO 26804 --- [tripmicroservice] [           main] c.t.t.TripmicroserviceApplicationTests   : Starting TripmicroserviceApplicationTests using Java 20.0.2 with PID 26804 (started by alyne in D:\2024 1\Uni\Arquitectura\Repositorios\TripMicroserviceSpringboot)
2024-06-26T01:57:03.463-05:00  INFO 26804 --- [tripmicroservice] [           main] c.t.t.TripmicroserviceApplicationTests   : No active profile set, falling back to 1 default profile: "default"
2024-06-26T01:57:06.204-05:00  INFO 26804 --- [tripmicroservice] [           main] .s.d.r.c.RepositoryConfigurationDelegate : Bootstrapping Spring Data JPA repositories in DEFAULT mode.
2024-06-26T01:57:06.820-05:00  INFO 26804 --- [tripmicroservice] [           main] .s.d.r.c.RepositoryConfigurationDelegate : Finished Spring Data repository scanning in 582 ms. Found 1 JPA repository interface.
2024-06-26T01:57:08.081-05:00  INFO 26804 --- [tripmicroservice] [           main] o.hibernate.jpa.internal.util.LogHelper  : HHH000204: Processing PersistenceUnitInfo [name: default]
2024-06-26T01:57:08.244-05:00  INFO 26804 --- [tripmicroservice] [           main] org.hibernate.Version                    : HHH000412: Hibernate ORM core version 6.5.2.Final
2024-06-26T01:57:08.303-05:00  INFO 26804 --- [tripmicroservice] [           main] o.h.c.internal.RegionFactoryInitiator    : HHH000026: Second-level cache disabled
2024-06-26T01:57:10.203-05:00  INFO 26804 --- [tripmicroservice] [           main] o.s.o.j.p.SpringPersistenceUnitInfo      : No LoadTimeWeaver setup: ignoring JPA class transformer
2024-06-26T01:57:10.802-05:00  INFO 26804 --- [tripmicroservice] [           main] com.zaxxer.hikari.HikariDataSource       : HikariPool-1 - Starting...
2024-06-26T01:57:13.293-05:00  INFO 26804 --- [tripmicroservice] [           main] com.zaxxer.hikari.pool.HikariPool        : HikariPool-1 - Added connection org.postgresql.jdbc.PgConnection@6ec3d8e4
2024-06-26T01:57:13.295-05:00  INFO 26804 --- [tripmicroservice] [           main] com.zaxxer.hikari.HikariDataSource       : HikariPool-1 - Start completed.
2024-06-26T01:57:13.548-05:00  WARN 26804 --- [tripmicroservice] [           main] org.hibernate.orm.deprecation            : HHH90000025: PostgreSQLDialect does not need to be specified explicitly using 'hibernate.dialect' (remove the property setting and it will be selected by default)
2024-06-26T01:57:15.343-05:00  INFO 26804 --- [tripmicroservice] [           main] o.h.e.t.j.p.i.JtaPlatformInitiator       : HHH000489: No JTA platform available (set 'hibernate.transaction.jta.platform' to enable JTA platform integration)
2024-06-26T01:57:16.136-05:00  INFO 26804 --- [tripmicroservice] [           main] j.LocalContainerEntityManagerFactoryBean : Initialized JPA EntityManagerFactory for persistence unit 'default'
webClient: org.springframework.web.reactive.function.client.DefaultWebClient@6b7a0f18
2024-06-26T01:57:17.877-05:00  WARN 26804 --- [tripmicroservice] [           main] JpaBaseConfiguration$JpaWebConfiguration : spring.jpa.open-in-view is enabled by default. Therefore, database queries may be performed during view rendering. Explicitly configure spring.jpa.open-in-view to disable this warning
2024-06-26T01:57:18.444-05:00  INFO 26804 --- [tripmicroservice] [           main] c.t.t.TripmicroserviceApplicationTests   : Started TripmicroserviceApplicationTests in 16.585 seconds (process running for 24.902)
]]></system-out>
  </testcase>
</testsuite>